<?xml version="1.0" encoding="UTF-8"?>
<!-- Generated by org.testng.reporters.JUnitXMLReporter -->
<testsuite hostname="ASH-PC-01" name="Default test" tests="3" failures="0" timestamp="4 Dec 2020 17:36:45 GMT" time="36.722" errors="0">
  <testcase name="LoginPageTitleTest" time="0.033" classname="com.crm.qa.testcases.LoginPageTest"/>
  <testcase name="crmLogoTmageTest" time="0.076" classname="com.crm.qa.testcases.LoginPageTest"/>
  <testcase name="loginTest" time="5.471" classname="com.crm.qa.testcases.LoginPageTest"/>
</testsuite> <!-- Default test -->
